<?xml version="1.0" encoding="UTF-8"?>
<!-- Generated by org.testng.reporters.JUnitReportReporter -->
<testsuite hostname="Dev" name="org.colorMine.tests.colorSpace.RgbTest" tests="1" failures="0" timestamp="3 Mar 2012 03:26:39 GMT" time="0.001" errors="0">
  <testcase name="Rgb" time="0.001" classname="org.colorMine.tests.colorSpace.RgbTest"/>
</testsuite> <!-- org.colorMine.tests.colorSpace.RgbTest -->
