<?xml version="1.0" encoding="UTF-8"?>
<!-- Generated by org.testng.reporters.JUnitReportReporter -->
<testsuite hostname="Dev" name="org.colorMine.tests.colorSpace.LabComparerTest" tests="2" failures="0" timestamp="2 Mar 2012 04:14:45 GMT" time="0.020" errors="0">
  <testcase name="NoDistance" time="0.000" classname="org.colorMine.tests.colorSpace.LabComparerTest"/>
  <testcase name="Distance" time="0.020" classname="org.colorMine.tests.colorSpace.LabComparerTest"/>
</testsuite> <!-- org.colorMine.tests.colorSpace.LabComparerTest -->
