<?xml version="1.0" encoding="UTF-8"?>
<!-- Generated by org.testng.reporters.JUnitReportReporter -->
<testsuite hostname="Dev" name="org.colorMine.tests.profile.filter.MapFilterTest" tests="1" failures="0" timestamp="3 Mar 2012 03:26:39 GMT" time="0.017" errors="0">
  <testcase name="Sanity" time="0.017" classname="org.colorMine.tests.profile.filter.MapFilterTest"/>
</testsuite> <!-- org.colorMine.tests.profile.filter.MapFilterTest -->
