<?xml version="1.0" encoding="UTF-8"?>
<!-- Generated by org.testng.reporters.JUnitReportReporter -->
<testsuite hostname="Dev" name="org.colorMine.tests.profile.ColorProfileTest" tests="3" failures="0" timestamp="3 Mar 2012 03:26:39 GMT" time="0.021" errors="0">
  <testcase name="ColorProfileQuantity" time="0.003" classname="org.colorMine.tests.profile.ColorProfileTest"/>
  <testcase name="ColorProfileAccuracy" time="0.002" classname="org.colorMine.tests.profile.ColorProfileTest"/>
  <testcase name="ColorProfile" time="0.016" classname="org.colorMine.tests.profile.ColorProfileTest"/>
</testsuite> <!-- org.colorMine.tests.profile.ColorProfileTest -->
