<?xml version="1.0" encoding="UTF-8"?>
<!-- Generated by org.testng.reporters.JUnitReportReporter -->
<testsuite hostname="Dev" name="org.colorMine.tests.profile.filter.MapFilterTest" tests="1" failures="0" timestamp="2 Mar 2012 04:14:45 GMT" time="0.003" errors="0">
  <testcase name="Sanity" time="0.003" classname="org.colorMine.tests.profile.filter.MapFilterTest"/>
</testsuite> <!-- org.colorMine.tests.profile.filter.MapFilterTest -->
