<?xml version="1.0" encoding="UTF-8"?>
<!-- Generated by org.testng.reporters.JUnitReportReporter -->
<testsuite hostname="Dev" name="org.colorMine.tests.colorSpace.ColorSpaceConverterTest" tests="6" failures="0" timestamp="2 Mar 2012 04:14:45 GMT" time="0.004" errors="0">
  <testcase name="XyzToLab_givenXyz_ReturnsLab" time="0.000" classname="org.colorMine.tests.colorSpace.ColorSpaceConverterTest"/>
  <testcase name="rgbToHsl_GivenHslValue_ReturnsRgb" time="0.001" classname="org.colorMine.tests.colorSpace.ColorSpaceConverterTest"/>
  <testcase name="test_RgbToLab_givenRgb_ReturnsLab" time="0.000" classname="org.colorMine.tests.colorSpace.ColorSpaceConverterTest"/>
  <testcase name="ColorConversion" time="0.001" classname="org.colorMine.tests.colorSpace.ColorSpaceConverterTest"/>
  <testcase name="RgbToColor_givenRgb_ReturnsColor" time="0.001" classname="org.colorMine.tests.colorSpace.ColorSpaceConverterTest"/>
  <testcase name="RgbToXyz_givenRgb_ReturnsXyz" time="0.001" classname="org.colorMine.tests.colorSpace.ColorSpaceConverterTest"/>
</testsuite> <!-- org.colorMine.tests.colorSpace.ColorSpaceConverterTest -->
