<?xml version="1.0" encoding="UTF-8"?>
<!-- Generated by org.testng.reporters.JUnitReportReporter -->
<testsuite hostname="Dev" name="org.colorMine.tests.colorSpace.LabComparerTest" tests="2" failures="0" timestamp="3 Mar 2012 03:26:39 GMT" time="0.016" errors="0">
  <testcase name="Distance" time="0.016" classname="org.colorMine.tests.colorSpace.LabComparerTest"/>
  <testcase name="NoDistance" time="0.000" classname="org.colorMine.tests.colorSpace.LabComparerTest"/>
</testsuite> <!-- org.colorMine.tests.colorSpace.LabComparerTest -->
